<?xml version="1.0" encoding="UTF-8"?>
<!-- Generated by org.testng.reporters.JUnitReportReporter -->
<testsuite hostname="DESKTOP-2E45Q8T" name="com.subash.testing.parallel_testing" tests="2" failures="0" timestamp="4 Jan 2021 07:56:37 GMT" time="64.508" errors="0">
  <testcase name="FirefoxTest" time="32.183" classname="com.subash.testing.parallel_testing"/>
  <testcase name="ChromeTest" time="32.325" classname="com.subash.testing.parallel_testing"/>
</testsuite> <!-- com.subash.testing.parallel_testing -->
