<?xml version="1.0" encoding="UTF-8"?>
<!-- Generated by org.testng.reporters.JUnitReportReporter -->
<testsuite hostname="DESKTOP-2E45Q8T" name="com.subash.testing.parallel_testing" tests="2" failures="0" timestamp="3 Jan 2021 11:50:39 GMT" time="73.248" errors="0">
  <testcase name="FirefoxTest" time="35.116" classname="com.subash.testing.parallel_testing"/>
  <testcase name="ChromeTest" time="38.132" classname="com.subash.testing.parallel_testing"/>
</testsuite> <!-- com.subash.testing.parallel_testing -->
