<?xml version="1.0" encoding="UTF-8"?>
<!-- Generated by org.testng.reporters.JUnitReportReporter -->
<testsuite hostname="DESKTOP-2E45Q8T" name="com.subash.testing.TestLogin" tests="2" failures="0" timestamp="25 Nov 2020 07:08:50 GMT" time="76.899" errors="0">
  <testcase name="login" time="44.497" classname="com.subash.testing.TestLogin"/>
  <testcase name="contact" time="32.402" classname="com.subash.testing.TestLogin"/>
</testsuite> <!-- com.subash.testing.TestLogin -->
