<?xml version="1.0" encoding="UTF-8"?>
<!-- Generated by org.testng.reporters.JUnitReportReporter -->
<testsuite hostname="DESKTOP-2E45Q8T" name="com.subash.testing.TestLogin" tests="2" failures="0" timestamp="25 Nov 2020 16:16:10 GMT" time="51.182" errors="0">
  <testcase name="contact" time="26.547" classname="com.subash.testing.TestLogin"/>
  <testcase name="login" time="24.635" classname="com.subash.testing.TestLogin"/>
</testsuite> <!-- com.subash.testing.TestLogin -->
