<?xml version="1.0" encoding="UTF-8"?>
<!-- Generated by org.testng.reporters.JUnitReportReporter -->
<testsuite hostname="DESKTOP-2E45Q8T" name="com.subash.testing.TestLogin" tests="2" failures="0" timestamp="25 Nov 2020 08:39:30 GMT" time="57.900" errors="0">
  <testcase name="contact" time="28.102" classname="com.subash.testing.TestLogin"/>
  <testcase name="login" time="29.798" classname="com.subash.testing.TestLogin"/>
</testsuite> <!-- com.subash.testing.TestLogin -->
