<?xml version="1.0" encoding="UTF-8"?>
<!-- Generated by org.testng.reporters.JUnitReportReporter -->
<testsuite hostname="DESKTOP-2E45Q8T" name="com.subash.testing.TestLogin" tests="1" failures="0" timestamp="4 Jan 2021 15:48:38 GMT" time="55.895" errors="0">
  <testcase name="register" time="55.895" classname="com.subash.testing.TestLogin"/>
</testsuite> <!-- com.subash.testing.TestLogin -->
