<?xml version="1.0" encoding="UTF-8"?>
<!-- Generated by org.testng.reporters.JUnitReportReporter -->
<testsuite hostname="DESKTOP-2E45Q8T" name="com.subash.testing.TestLogin" tests="1" failures="0" timestamp="3 Jan 2021 11:57:49 GMT" time="32.456" errors="0">
  <testcase name="register" time="32.456" classname="com.subash.testing.TestLogin"/>
</testsuite> <!-- com.subash.testing.TestLogin -->
